app/unityLibrary/mobilenotifications.androidlib/build/outputs/mapping/release/seeds.txt
com.unity.androidnotifications.UnityNotificationManager: java.lang.String KEY_BIG_SHOW_WHEN_COLLAPSED
com.unity.androidnotifications.UnityNotificationManager: java.lang.String KEY_BIG_CONTENT_DESCRIPTION
com.unity.androidnotifications.UnityNotificationManager: java.lang.String KEY_INTENT_DATA
com.unity.androidnotifications.UnityNotificationManager: java.lang.String KEY_SHOW_IN_FOREGROUND
com.unity.androidnotifications.UnityNotificationManager: java.lang.String KEY_FIRE_TIME
com.unity.androidnotifications.UnityNotificationManager: java.lang.String KEY_LARGE_ICON
com.unity.androidnotifications.UnityNotificationManager: java.lang.String KEY_BIG_SUMMARY_TEXT
com.unity.androidnotifications.UnityNotificationManager: java.lang.String KEY_NOTIFICATION_ID
com.unity.androidnotifications.UnityNotificationManager: java.lang.String KEY_NOTIFICATION
com.unity.androidnotifications.UnityNotificationManager: java.lang.String KEY_ID
com.unity.androidnotifications.UnityNotificationManager: java.lang.String KEY_REPEAT_INTERVAL
com.unity.androidnotifications.UnityNotificationManager: java.lang.String KEY_CHANNEL_ID
com.unity.androidnotifications.UnityNotificationManager: java.lang.String KEY_NOTIFICATION_DISMISSED
com.unity.androidnotifications.UnityNotificationManager: java.lang.String KEY_BIG_PICTURE
com.unity.androidnotifications.UnityNotificationManager: java.lang.String KEY_BIG_CONTENT_TITLE
com.unity.androidnotifications.UnityNotificationManager: java.lang.String KEY_BIG_LARGE_ICON
com.unity3d.player.UnityPlayer: int getSplashMode()
com.unity3d.player.UnityPlayer: int getUaaLLaunchProcessType()
com.unity3d.player.UnityPlayer: android.view.View getView()
com.unity3d.player.UnityPlayer: android.os.Bundle getSettings()
com.unity3d.player.UnityPlayer: boolean getSplashEnabled()
com.unity.androidnotifications.UnityNotificationManager: boolean checkIfPendingNotificationIsRegistered(int)
com.unity.androidnotifications.UnityNotificationManager: void setNotificationIcon(android.app.Notification$Builder,java.lang.String,java.lang.String)
com.unity.androidnotifications.UnityNotificationManager: int getTargetSdk()
com.unity3d.player.UnityPlayer: boolean getHaveAndroidWindowSupport()
com.unity.androidnotifications.UnityNotificationManager: void cancelAllPendingNotificationIntents()
com.unity.androidnotifications.UnityNotificationManager: boolean canScheduleExactAlarms()
com.unity.androidnotifications.UnityNotificationManager: void onReceive(android.content.Context,android.content.Intent)
com.unity.androidnotifications.UnityNotificationManager: android.app.Notification$Builder createNotificationBuilder(java.lang.String)
com.unity.androidnotifications.UnityNotificationManager: android.app.Notification getNotificationFromIntent(android.content.Intent)
com.unity3d.player.UnityPlayer: long getSoftInputTimeout()
com.unity.androidnotifications.UnityNotificationManager: int scheduleNotification(android.app.Notification$Builder,boolean)
com.unity3d.player.UnityPlayer: android.content.pm.ActivityInfo getActivityInfo()
com.unity.androidnotifications.UnityNotificationManager: void setNotificationGroupAlertBehavior(android.app.Notification$Builder,int)
com.unity.androidnotifications.R: R()
com.unity3d.player.UnityPlayer: void setOnHandleFocusListener(com.unity3d.player.w)
com.unity.androidnotifications.UnityNotificationManager: UnityNotificationManager()
com.unity3d.player.UnityPlayer: boolean getAutoReportFullyDrawnEnabled()
com.unity.androidnotifications.UnityNotificationManager: void deleteNotificationChannelGroup(java.lang.String)
com.unity.androidnotifications.UnityNotificationManager: void registerNotificationChannelGroup(java.lang.String,java.lang.String,java.lang.String)
com.unity3d.player.UnityPlayer: void setCharacterLimit(int)
com.unity.androidnotifications.UnityNotificationUtilities: UnityNotificationUtilities()
com.unity.androidnotifications.UnityNotificationManager: int areNotificationsEnabled()