app/unityLibrary/mobilenotifications.androidlib/build/outputs/mapping/release/mapping.txt
# compiler: R8
# compiler_version: 4.0.52
# common_typos_disable
# {"id":"com.android.tools.r8.mapping","version":"2.1"}
# pg_map_id: 4159c55
# pg_map_hash: SHA-256 4159c559fde060ec3d798405df9289198b5429262f0174f05ce755c6e70f4a70
...
com.unity.androidnotifications.UnityNotificationBackgroundThread$ScheduleNotificationTask -> com.unity.androidnotifications.b$d:
    android.app.Notification$Builder notificationBuilder -> b
    boolean isCustomized -> c
    int notificationId -> a
    boolean isNew -> d
    boolean run(com.unity.androidnotifications.UnityNotificationManager,java.util.concurrent.ConcurrentHashMap) -> a
com.unity.androidnotifications.UnityNotificationBackgroundThread$Task -> com.unity.androidnotifications.b$e:
    boolean run(com.unity.androidnotifications.UnityNotificationManager,java.util.concurrent.ConcurrentHashMap) -> a
com.unity.androidnotifications.UnityNotificationManager -> com.unity.androidnotifications.UnityNotificationManager:
    android.content.Context mContext -> a
    java.util.concurrent.ConcurrentHashMap mScheduledNotifications -> g
    com.unity.androidnotifications.UnityNotificationBackgroundThread mBackgroundThread -> d
    java.util.Random mRandom -> e
    int mExactSchedulingSetting -> i
    com.unity.androidnotifications.UnityNotificationManager mUnityNotificationManager -> j
    java.util.HashSet mVisibleNotifications -> f
    com.unity.androidnotifications.NotificationCallback mNotificationCallback -> h
    android.app.Activity mActivity -> b
    java.lang.Class mOpenActivity -> c
    1:1:android.app.PendingIntent getActivityPendingIntent(int,android.content.Intent,int):0:0 -> a
    1:1:android.app.Notification buildNotificationForSending(java.lang.Class,android.app.Notification$Builder):0 -> a
    2:2:android.app.Notification buildNotificationForSending(java.lang.Class,android.app.Notification$Builder):0:0 -> a
    3:3:void finalizeNotificationForDisplay(android.app.Notification$Builder):0:0 -> a
    3:3:android.app.Notification buildNotificationForSending(java.lang.Class,android.app.Notification$Builder):0 -> a
    4:4:java.lang.Object getIconForUri(java.lang.String):0:0 -> a
    4:4:void finalizeNotificationForDisplay(android.app.Notification$Builder):0 -> a
com.unity.androidnotifications.UnityNotificationUtilities -> com.unity.androidnotifications.c:
    byte[] UNITY_MAGIC_NUMBER_PARCELLED -> b
    byte[] UNITY_MAGIC_NUMBER -> a
    java.lang.Object deserializeNotification(android.content.Context,android.content.SharedPreferences) -> a
    1:1:android.app.Notification deserializeNotificationParcelable(java.io.DataInputStream):0:0 -> a
    1:1:java.lang.Object deserializeNotification(android.content.Context,byte[]):0 -> a
    2:2:java.lang.Object deserializeNotification(android.content.Context,byte[]):0:0 -> a
    3:3:android.app.Notification$Builder deserializeNotificationCustom(android.content.Context,java.io.DataInputStream):0:0 -> a
    3:3:java.lang.Object deserializeNotification(android.content.Context,byte[]):0 -> a
    4:4:android.app.Notification$Builder deserializedFromOldIntent(android.content.Context,byte[]):0:0 -> a
    4:4:java.lang.Object deserializeNotification(android.content.Context,byte[]):0 -> a
    android.os.Parcelable deserializeParcelable(java.io.DataInputStream) -> a
    5:5:boolean isUnityActivity(java.lang.String):0:0 -> a
    5:5:java.lang.Class getOpenAppActivity(android.content.Context):0 -> a
    6:6:java.lang.Class getOpenAppActivity(android.content.Context):0:0 -> a
    boolean readAndCheckMagicNumber(java.io.DataInputStream,byte[]) -> a
    7:7:android.app.Notification$Builder recoverBuilderCustom(android.content.Context,android.app.Notification):0:0 -> a
com.unity3d.player.NetworkConnectivity -> a.a:
    int b() -> a
com.unity3d.player.NetworkConnectivityNougat -> a.b:
    int b() -> a
com.unity3d.player.PlatformSupport -> a.c:
    boolean MARSHMALLOW_SUPPORT -> a
    boolean NOUGAT_SUPPORT -> b