app/unityLibrary/mobilenotifications.androidlib/build/outputs/mapping/release/usage.txt
com.unity3d.player.O
com.unity3d.player.OrientationLockListener
com.unity3d.player.P0
com.unity3d.player.P
com.unity3d.player.PermissionFragment
com.unity3d.player.PlatformSupport:
    public void <init>()
com.unity3d.player.PlayAssetDeliveryUnityWrapper
com.unity3d.player.Q0
com.unity3d.player.Q
com.unity3d.player.R0
com.unity3d.player.ReflectionHelper
com.unity3d.player.S0
com.unity3d.player.S
com.unity3d.player.SoftInputProvider
com.unity3d.player.T0
com.unity3d.player.T
com.unity3d.player.U0
com.unity3d.player.U
com.unity3d.player.UnityCoreAssetPacksStatusCallbacks
com.unity3d.player.UnityPermissions$ModalWaitForPermissionResponse
com.unity3d.player.UnityPermissions
com.unity3d.player.UnityPlayer$SynchronizationTimeout
com.unity3d.player.UnityPlayer:
    private static final java.lang.String ARCORE_ENABLE_METADATA_NAME
    private static final java.lang.String AUTO_REPORT_FULLY_DRAWN_ENABLE_METADATA_NAME
    private static final java.lang.String LAUNCH_FULLSCREEN
    private static final int RUN_STATE_CHANGED_MSG_CODE
    private static final java.lang.String SPLASH_ENABLE_METADATA_NAME
    private static final java.lang.String SPLASH_MODE_METADATA_NAME
    public static android.content.Context currentContext
    private int mInitialScreenOrientation
    private boolean mIsFullscreen
    private boolean mMainDisplayOverride
    private int mNaturalOrientation
    private android.view.OrientationEventListener mOrientationListener
    private boolean mProcessKillRequested
    private boolean mQuitting
    private com.unity3d.player.K0 mState
    private com.unity3d.player.V0 mVideoPlayerProxy
    private com.unity3d.player.GoogleARCoreApi m_ARCoreApi
    private boolean m_AddPhoneCallListener
    private com.unity3d.player.AudioVolumeHandler m_AudioVolumeHandler
    private com.unity3d.player.Camera2Wrapper m_Camera2Wrapper
    private final java.util.concurrent.ConcurrentLinkedQueue m_Events
    private com.unity3d.player.E0 m_FakeListener
    private com.unity3d.player.HFPStatus m_HFPStatus
    com.unity3d.player.I0 m_MainThread
    private com.unity3d.player.OrientationLockListener m_OrientationLockListener
    private com.unity3d.player.F0 m_PhoneCallListener
com.unity3d.player.V0
com.unity3d.player.V
com.unity3d.player.W
com.unity3d.player.X:
    static void a(java.lang.String)
com.unity3d.player.Y
com.unity3d.player.Z:
    private com.unity3d.player.a a
    private com.unity3d.player.UnityPlayer b
    private com.unity3d.player.C c
    public void <init>(android.content.Context,com.unity3d.player.UnityPlayer)
    private static java.lang.String a(android.content.Context)
    private static boolean a()
    public final void b()
com.unity3d.player.a.a
com.unity3d.player.a.b
com.unity3d.player.a.c
com.unity3d.player.a.d
com.unity3d.player.a.e
com.unity3d.player.a0
com.unity3d.player.a
com.unity3d.player.b0
com.unity3d.player.b
com.unity3d.player.c0
com.unity3d.player.c
com.unity3d.player.d0
com.unity3d.player.d
com.unity3d.player.e0
com.unity3d.player.e
com.unity3d.player.f0
com.unity3d.player.f
com.unity3d.player.g0
com.unity3d.player.g
com.unity3d.player.h
com.unity3d.player.i
com.unity3d.player.j
com.unity3d.player.k0
com.unity3d.player.k
com.unity3d.player.l0
com.unity3d.player.l
com.unity3d.player.m0
com.unity3d.player.m
com.unity3d.player.n0
com.unity3d.player.n
com.unity3d.player.o0
com.unity3d.player.o
com.unity3d.player.p0
com.unity3d.player.p
com.unity3d.player.q0
com.unity3d.player.q
com.unity3d.player.r0
com.unity3d.player.r
com.unity3d.player.s0
com.unity3d.player.s
com.unity3d.player.t0
com.unity3d.player.t
com.unity3d.player.w0
com.unity3d.player.x0
com.unity3d.player.x
com.unity3d.player.y0
com.unity3d.player.y
com.unity3d.player.z0
com.unity3d.player.z
org.fmod.FMODAudioDevice
org.fmod.a